<?xml version="1.0" encoding="UTF-8"?>
<testng-results ignored="0" total="1" passed="1" failed="0" skipped="0">
  <reporter-output>
  </reporter-output>
  <suite started-at="2024-12-15T20:12:29 IST" name="Default suite" finished-at="2024-12-15T20:12:42 IST" duration-ms="13297">
    <groups>
    </groups>
    <test started-at="2024-12-15T20:12:29 IST" name="Default test" finished-at="2024-12-15T20:12:42 IST" duration-ms="13297">
      <class name="mavenproject1.SimpleTest">
        <test-method signature="simpleTest()[pri:0, instance:mavenproject1.SimpleTest@1b1473ab]" started-at="2024-12-15T20:12:29 IST" name="simpleTest" finished-at="2024-12-15T20:12:42 IST" duration-ms="13285" status="PASS">
          <reporter-output>
          </reporter-output>
        </test-method> <!-- simpleTest -->
      </class> <!-- mavenproject1.SimpleTest -->
    </test> <!-- Default test -->
  </suite> <!-- Default suite -->
</testng-results>
